<?xml version="1.0" encoding="UTF-8"?>
<!-- Generated by org.testng.reporters.JUnitReportReporter -->
<testsuite hostname="DESKTOP-UO3RD0A" failures="0" tests="1" name="Practice.RunParameters" time="13.786" errors="0" timestamp="2022-10-11T15:11:14 IST" skipped="0">
  <testcase classname="Practice.RunParameters" name="method" time="13.786"/>
  <system-out/>
</testsuite> <!-- Practice.RunParameters -->
