<?xml version="1.0" encoding="UTF-8"?>
<!-- Generated by org.testng.reporters.JUnitReportReporter -->
<testsuite hostname="DESKTOP-UO3RD0A" failures="0" tests="1" name="DemoPackage.DemoTest" time="0.016" errors="0" timestamp="2022-10-10T16:13:53 IST" skipped="0">
  <testcase classname="DemoPackage.DemoTest" name="method" time="0.016"/>
  <system-out/>
</testsuite> <!-- DemoPackage.DemoTest -->
