<?xml version="1.0" encoding="UTF-8"?>
<!-- Generated by org.testng.reporters.JUnitReportReporter -->
<testsuite hostname="DESKTOP-UO3RD0A" failures="0" tests="1" name="DemoPackage.ParametersTest" time="0.015" errors="0" timestamp="2022-10-10T16:01:32 IST" skipped="0">
  <testcase classname="DemoPackage.ParametersTest" name="method" time="0.015"/>
  <system-out/>
</testsuite> <!-- DemoPackage.ParametersTest -->
