<?xml version="1.0" encoding="UTF-8"?>
<!-- Generated by org.testng.reporters.JUnitReportReporter -->
<testsuite hostname="DESKTOP-UO3RD0A" failures="0" tests="1" name="DemoPackage.RunParameters" time="3.151" errors="0" timestamp="2022-10-11T10:59:00 IST" skipped="0">
  <testcase classname="DemoPackage.RunParameters" name="method" time="3.151"/>
  <system-out/>
</testsuite> <!-- DemoPackage.RunParameters -->
